log4j:WARN No appenders could be found for logger (org.eclipse.jgit.util.FS).
log4j:WARN Please initialize the log4j system properly.
log4j:WARN See http://logging.apache.org/log4j/1.2/faq.html#noconfig for more info.
org.eclipse.jgit.api.errors.TransportException: https://github.com/dxiaoping/dn.git: Error writing request body to server
	at org.eclipse.jgit.api.PushCommand.call(PushCommand.java:180)
	at com.dn.gitTest.pushFile(gitTest.java:43)
	at com.dn.TemporaryWindow$3$1.run(Console.java:776)
	at java.lang.Thread.run(Unknown Source)
Caused by: org.eclipse.jgit.errors.TransportException: https://github.com/dxiaoping/dn.git: Error writing request body to server
	at org.eclipse.jgit.transport.BasePackPushConnection.doPush(BasePackPushConnection.java:239)
	at org.eclipse.jgit.transport.TransportHttp$SmartHttpPushConnection.doPush(TransportHttp.java:1100)
	at org.eclipse.jgit.transport.BasePackPushConnection.push(BasePackPushConnection.java:170)
	at org.eclipse.jgit.transport.PushProcess.execute(PushProcess.java:172)
	at org.eclipse.jgit.transport.Transport.push(Transport.java:1346)
	at org.eclipse.jgit.api.PushCommand.call(PushCommand.java:170)
	... 3 more
Caused by: java.io.IOException: Error writing request body to server
	at sun.net.www.protocol.http.HttpURLConnection$StreamingOutputStream.checkError(Unknown Source)
	at sun.net.www.protocol.http.HttpURLConnection$StreamingOutputStream.write(Unknown Source)
	at java.io.BufferedOutputStream.flushBuffer(Unknown Source)
	at java.io.BufferedOutputStream.write(Unknown Source)
	at org.eclipse.jgit.util.TemporaryBuffer.write(TemporaryBuffer.java:161)
	at org.eclipse.jgit.transport.BasePackPushConnection$CheckingSideBandOutputStream.write(BasePackPushConnection.java:471)
	at org.eclipse.jgit.internal.storage.pack.PackOutputStream.write(PackOutputStream.java:132)
	at java.util.zip.DeflaterOutputStream.deflate(Unknown Source)
	at java.util.zip.DeflaterOutputStream.write(Unknown Source)
	at java.io.FilterOutputStream.write(Unknown Source)
	at org.eclipse.jgit.lib.ObjectLoader.copyTo(ObjectLoader.java:270)
	at org.eclipse.jgit.internal.storage.pack.PackWriter.writeWholeObjectDeflate(PackWriter.java:1700)
	at org.eclipse.jgit.internal.storage.pack.PackWriter.writeObjectImpl(PackWriter.java:1678)
	at org.eclipse.jgit.internal.storage.pack.PackWriter.writeObject(PackWriter.java:1621)
	at org.eclipse.jgit.internal.storage.pack.PackOutputStream.writeObject(PackOutputStream.java:171)
	at org.eclipse.jgit.internal.storage.file.WindowCursor.writeObjects(WindowCursor.java:229)
	at org.eclipse.jgit.internal.storage.pack.PackWriter.writeObjects(PackWriter.java:1609)
	at org.eclipse.jgit.internal.storage.pack.PackWriter.writeObjects(PackWriter.java:1597)
	at org.eclipse.jgit.internal.storage.pack.PackWriter.writePack(PackWriter.java:1154)
	at org.eclipse.jgit.transport.BasePackPushConnection.writePack(BasePackPushConnection.java:362)
	at org.eclipse.jgit.transport.BasePackPushConnection.doPush(BasePackPushConnection.java:219)
	... 8 more
